a:\users\david\documents\github\courierexpresstycoon\server\masterserver-2.0.1f1\visualstudio\release\vc120.pdb
a:\users\david\documents\github\courierexpresstycoon\server\masterserver-2.0.1f1\visualstudio\release\emailsender.obj
a:\users\david\documents\github\courierexpresstycoon\server\masterserver-2.0.1f1\visualstudio\release\ds_table.obj
a:\users\david\documents\github\courierexpresstycoon\server\masterserver-2.0.1f1\visualstudio\release\ds_huffmanencodingtree.obj
a:\users\david\documents\github\courierexpresstycoon\server\masterserver-2.0.1f1\visualstudio\release\ds_bytequeue.obj
a:\users\david\documents\github\courierexpresstycoon\server\masterserver-2.0.1f1\visualstudio\release\ds_bytepool.obj
a:\users\david\documents\github\courierexpresstycoon\server\masterserver-2.0.1f1\visualstudio\release\directorydeltatransfer.obj
a:\users\david\documents\github\courierexpresstycoon\server\masterserver-2.0.1f1\visualstudio\release\datacompressor.obj
a:\users\david\documents\github\courierexpresstycoon\server\masterserver-2.0.1f1\visualstudio\release\datablockencryptor.obj
a:\users\david\documents\github\courierexpresstycoon\server\masterserver-2.0.1f1\visualstudio\release\consoleserver.obj
a:\users\david\documents\github\courierexpresstycoon\server\masterserver-2.0.1f1\visualstudio\release\connectiongraph.obj
a:\users\david\documents\github\courierexpresstycoon\server\masterserver-2.0.1f1\visualstudio\release\commandparserinterface.obj
a:\users\david\documents\github\courierexpresstycoon\server\masterserver-2.0.1f1\visualstudio\release\checksum.obj
a:\users\david\documents\github\courierexpresstycoon\server\masterserver-2.0.1f1\visualstudio\release\ccraknetudt.obj
a:\users\david\documents\github\courierexpresstycoon\server\masterserver-2.0.1f1\visualstudio\release\bitstream_notemplate.obj
a:\users\david\documents\github\courierexpresstycoon\server\masterserver-2.0.1f1\visualstudio\release\bitstream.obj
a:\users\david\documents\github\courierexpresstycoon\server\masterserver-2.0.1f1\visualstudio\release\bigint.obj
a:\users\david\documents\github\courierexpresstycoon\server\masterserver-2.0.1f1\visualstudio\release\asynchronousfileio.obj
a:\users\david\documents\github\courierexpresstycoon\server\masterserver-2.0.1f1\visualstudio\release\masterserver.obj
a:\users\david\documents\github\courierexpresstycoon\server\masterserver-2.0.1f1\visualstudio\release\utility.obj
a:\users\david\documents\github\courierexpresstycoon\server\masterserver-2.0.1f1\visualstudio\release\log.obj
a:\users\david\documents\github\courierexpresstycoon\server\masterserver-2.0.1f1\visualstudio\release\raknetstatistics.obj
a:\users\david\documents\github\courierexpresstycoon\server\masterserver-2.0.1f1\visualstudio\release\raknetsocket.obj
a:\users\david\documents\github\courierexpresstycoon\server\masterserver-2.0.1f1\visualstudio\release\raknetcommandparser.obj
a:\users\david\documents\github\courierexpresstycoon\server\masterserver-2.0.1f1\visualstudio\release\rakmemoryoverride.obj
a:\users\david\documents\github\courierexpresstycoon\server\masterserver-2.0.1f1\visualstudio\release\plugininterface2.obj
a:\users\david\documents\github\courierexpresstycoon\server\masterserver-2.0.1f1\visualstudio\release\packetlogger.obj
a:\users\david\documents\github\courierexpresstycoon\server\masterserver-2.0.1f1\visualstudio\release\packetfilelogger.obj
a:\users\david\documents\github\courierexpresstycoon\server\masterserver-2.0.1f1\visualstudio\release\networkidmanager.obj
a:\users\david\documents\github\courierexpresstycoon\server\masterserver-2.0.1f1\visualstudio\release\messagefilter.obj
a:\users\david\documents\github\courierexpresstycoon\server\masterserver-2.0.1f1\visualstudio\release\linuxstrings.obj
a:\users\david\documents\github\courierexpresstycoon\server\masterserver-2.0.1f1\visualstudio\release\lightweightdatabaseserver.obj
a:\users\david\documents\github\courierexpresstycoon\server\masterserver-2.0.1f1\visualstudio\release\lightweightdatabasecommon.obj
a:\users\david\documents\github\courierexpresstycoon\server\masterserver-2.0.1f1\visualstudio\release\itoa.obj
a:\users\david\documents\github\courierexpresstycoon\server\masterserver-2.0.1f1\visualstudio\release\gettimeofday.obj
a:\users\david\documents\github\courierexpresstycoon\server\masterserver-2.0.1f1\visualstudio\release\gettime.obj
a:\users\david\documents\github\courierexpresstycoon\server\masterserver-2.0.1f1\visualstudio\release\fileoperations.obj
a:\users\david\documents\github\courierexpresstycoon\server\masterserver-2.0.1f1\visualstudio\release\filelisttransfer.obj
a:\users\david\documents\github\courierexpresstycoon\server\masterserver-2.0.1f1\visualstudio\release\filelist.obj
a:\users\david\documents\github\courierexpresstycoon\server\masterserver-2.0.1f1\visualstudio\release\extendedoverlappedpool.obj
a:\users\david\documents\github\courierexpresstycoon\server\masterserver-2.0.1f1\visualstudio\release\encodeclassname.obj
a:\users\david\documents\github\courierexpresstycoon\server\masterserver-2.0.1f1\visualstudio\release\superfasthash.obj
a:\users\david\documents\github\courierexpresstycoon\server\masterserver-2.0.1f1\visualstudio\release\stringtable.obj
a:\users\david\documents\github\courierexpresstycoon\server\masterserver-2.0.1f1\visualstudio\release\stringcompressor.obj
a:\users\david\documents\github\courierexpresstycoon\server\masterserver-2.0.1f1\visualstudio\release\socketlayer.obj
a:\users\david\documents\github\courierexpresstycoon\server\masterserver-2.0.1f1\visualstudio\release\simplemutex.obj
a:\users\david\documents\github\courierexpresstycoon\server\masterserver-2.0.1f1\visualstudio\release\signaledevent.obj
a:\users\david\documents\github\courierexpresstycoon\server\masterserver-2.0.1f1\visualstudio\release\sha1.obj
a:\users\david\documents\github\courierexpresstycoon\server\masterserver-2.0.1f1\visualstudio\release\rsacrypt.obj
a:\users\david\documents\github\courierexpresstycoon\server\masterserver-2.0.1f1\visualstudio\release\rpcmap.obj
a:\users\david\documents\github\courierexpresstycoon\server\masterserver-2.0.1f1\visualstudio\release\router.obj
a:\users\david\documents\github\courierexpresstycoon\server\masterserver-2.0.1f1\visualstudio\release\rijndael.obj
a:\users\david\documents\github\courierexpresstycoon\server\masterserver-2.0.1f1\visualstudio\release\reliabilitylayer.obj
a:\users\david\documents\github\courierexpresstycoon\server\masterserver-2.0.1f1\visualstudio\release\rand.obj
a:\users\david\documents\github\courierexpresstycoon\server\masterserver-2.0.1f1\visualstudio\release\rakthread.obj
a:\users\david\documents\github\courierexpresstycoon\server\masterserver-2.0.1f1\visualstudio\release\rakstring.obj
a:\users\david\documents\github\courierexpresstycoon\server\masterserver-2.0.1f1\visualstudio\release\raksleep.obj
a:\users\david\documents\github\courierexpresstycoon\server\masterserver-2.0.1f1\visualstudio\release\rakpeer.obj
a:\users\david\documents\github\courierexpresstycoon\server\masterserver-2.0.1f1\visualstudio\release\raknetworkfactory.obj
a:\users\david\documents\github\courierexpresstycoon\server\masterserver-2.0.1f1\visualstudio\release\raknettypes.obj
a:\users\david\documents\github\courierexpresstycoon\server\masterserver-2.0.1f1\visualstudio\release\raknettransport.obj
a:\users\david\documents\github\courierexpresstycoon\server\masterserver-2.0.1f1\visualstudio\release\_findfirst.obj
a:\users\david\documents\github\courierexpresstycoon\server\masterserver-2.0.1f1\visualstudio\release\wsastartupsingleton.obj
a:\users\david\documents\github\courierexpresstycoon\server\masterserver-2.0.1f1\visualstudio\release\threadsafepacketlogger.obj
a:\users\david\documents\github\courierexpresstycoon\server\masterserver-2.0.1f1\visualstudio\release\tcpinterface.obj
a:\users\david\documents\github\courierexpresstycoon\server\masterserver-2.0.1f1\visualstudio\release\tableserializer.obj
a:\users\david\documents\github\courierexpresstycoon\server\masterserver-2.0.1f1\visualstudio\release\systemaddresslist.obj
a:\users\david\documents\github\courierexpresstycoon\server\masterserver-2.0.1f1\visualstudio\release\masterserver.exe
a:\users\david\documents\github\courierexpresstycoon\server\masterserver-2.0.1f1\visualstudio\release\masterserver.pdb
a:\users\david\documents\github\courierexpresstycoon\server\masterserver-2.0.1f1\visualstudio\release\masterserver.tlog\cl.command.1.tlog
a:\users\david\documents\github\courierexpresstycoon\server\masterserver-2.0.1f1\visualstudio\release\masterserver.tlog\cl.read.1.tlog
a:\users\david\documents\github\courierexpresstycoon\server\masterserver-2.0.1f1\visualstudio\release\masterserver.tlog\cl.write.1.tlog
a:\users\david\documents\github\courierexpresstycoon\server\masterserver-2.0.1f1\visualstudio\release\masterserver.tlog\link.command.1.tlog
a:\users\david\documents\github\courierexpresstycoon\server\masterserver-2.0.1f1\visualstudio\release\masterserver.tlog\link.read.1.tlog
a:\users\david\documents\github\courierexpresstycoon\server\masterserver-2.0.1f1\visualstudio\release\masterserver.tlog\link.write.1.tlog
