a:\users\david\documents\github\courierexpresstycoon\server\masterserver-2.0.1f1\visualstudio\debug\vc120.pdb
a:\users\david\documents\github\courierexpresstycoon\server\masterserver-2.0.1f1\visualstudio\debug\vc120.idb
a:\users\david\documents\github\courierexpresstycoon\server\masterserver-2.0.1f1\visualstudio\debug\rakthread.obj
a:\users\david\documents\github\courierexpresstycoon\server\masterserver-2.0.1f1\visualstudio\debug\rand.obj
a:\users\david\documents\github\courierexpresstycoon\server\masterserver-2.0.1f1\visualstudio\debug\reliabilitylayer.obj
a:\users\david\documents\github\courierexpresstycoon\server\masterserver-2.0.1f1\visualstudio\debug\rijndael.obj
a:\users\david\documents\github\courierexpresstycoon\server\masterserver-2.0.1f1\visualstudio\debug\router.obj
a:\users\david\documents\github\courierexpresstycoon\server\masterserver-2.0.1f1\visualstudio\debug\rpcmap.obj
a:\users\david\documents\github\courierexpresstycoon\server\masterserver-2.0.1f1\visualstudio\debug\rsacrypt.obj
a:\users\david\documents\github\courierexpresstycoon\server\masterserver-2.0.1f1\visualstudio\debug\sha1.obj
a:\users\david\documents\github\courierexpresstycoon\server\masterserver-2.0.1f1\visualstudio\debug\signaledevent.obj
a:\users\david\documents\github\courierexpresstycoon\server\masterserver-2.0.1f1\visualstudio\debug\simplemutex.obj
a:\users\david\documents\github\courierexpresstycoon\server\masterserver-2.0.1f1\visualstudio\debug\socketlayer.obj
a:\users\david\documents\github\courierexpresstycoon\server\masterserver-2.0.1f1\visualstudio\debug\stringcompressor.obj
a:\users\david\documents\github\courierexpresstycoon\server\masterserver-2.0.1f1\visualstudio\debug\stringtable.obj
a:\users\david\documents\github\courierexpresstycoon\server\masterserver-2.0.1f1\visualstudio\debug\superfasthash.obj
a:\users\david\documents\github\courierexpresstycoon\server\masterserver-2.0.1f1\visualstudio\debug\systemaddresslist.obj
a:\users\david\documents\github\courierexpresstycoon\server\masterserver-2.0.1f1\visualstudio\debug\tableserializer.obj
a:\users\david\documents\github\courierexpresstycoon\server\masterserver-2.0.1f1\visualstudio\debug\tcpinterface.obj
a:\users\david\documents\github\courierexpresstycoon\server\masterserver-2.0.1f1\visualstudio\debug\threadsafepacketlogger.obj
a:\users\david\documents\github\courierexpresstycoon\server\masterserver-2.0.1f1\visualstudio\debug\wsastartupsingleton.obj
a:\users\david\documents\github\courierexpresstycoon\server\masterserver-2.0.1f1\visualstudio\debug\_findfirst.obj
a:\users\david\documents\github\courierexpresstycoon\server\masterserver-2.0.1f1\visualstudio\debug\gettimeofday.obj
a:\users\david\documents\github\courierexpresstycoon\server\masterserver-2.0.1f1\visualstudio\debug\itoa.obj
a:\users\david\documents\github\courierexpresstycoon\server\masterserver-2.0.1f1\visualstudio\debug\lightweightdatabasecommon.obj
a:\users\david\documents\github\courierexpresstycoon\server\masterserver-2.0.1f1\visualstudio\debug\lightweightdatabaseserver.obj
a:\users\david\documents\github\courierexpresstycoon\server\masterserver-2.0.1f1\visualstudio\debug\linuxstrings.obj
a:\users\david\documents\github\courierexpresstycoon\server\masterserver-2.0.1f1\visualstudio\debug\messagefilter.obj
a:\users\david\documents\github\courierexpresstycoon\server\masterserver-2.0.1f1\visualstudio\debug\networkidmanager.obj
a:\users\david\documents\github\courierexpresstycoon\server\masterserver-2.0.1f1\visualstudio\debug\packetfilelogger.obj
a:\users\david\documents\github\courierexpresstycoon\server\masterserver-2.0.1f1\visualstudio\debug\packetlogger.obj
a:\users\david\documents\github\courierexpresstycoon\server\masterserver-2.0.1f1\visualstudio\debug\plugininterface2.obj
a:\users\david\documents\github\courierexpresstycoon\server\masterserver-2.0.1f1\visualstudio\debug\rakmemoryoverride.obj
a:\users\david\documents\github\courierexpresstycoon\server\masterserver-2.0.1f1\visualstudio\debug\raknetcommandparser.obj
a:\users\david\documents\github\courierexpresstycoon\server\masterserver-2.0.1f1\visualstudio\debug\raknetsocket.obj
a:\users\david\documents\github\courierexpresstycoon\server\masterserver-2.0.1f1\visualstudio\debug\raknetstatistics.obj
a:\users\david\documents\github\courierexpresstycoon\server\masterserver-2.0.1f1\visualstudio\debug\raknettransport.obj
a:\users\david\documents\github\courierexpresstycoon\server\masterserver-2.0.1f1\visualstudio\debug\raknettypes.obj
a:\users\david\documents\github\courierexpresstycoon\server\masterserver-2.0.1f1\visualstudio\debug\raknetworkfactory.obj
a:\users\david\documents\github\courierexpresstycoon\server\masterserver-2.0.1f1\visualstudio\debug\rakpeer.obj
a:\users\david\documents\github\courierexpresstycoon\server\masterserver-2.0.1f1\visualstudio\debug\raksleep.obj
a:\users\david\documents\github\courierexpresstycoon\server\masterserver-2.0.1f1\visualstudio\debug\rakstring.obj
a:\users\david\documents\github\courierexpresstycoon\server\masterserver-2.0.1f1\visualstudio\debug\bitstream_notemplate.obj
a:\users\david\documents\github\courierexpresstycoon\server\masterserver-2.0.1f1\visualstudio\debug\ccraknetudt.obj
a:\users\david\documents\github\courierexpresstycoon\server\masterserver-2.0.1f1\visualstudio\debug\checksum.obj
a:\users\david\documents\github\courierexpresstycoon\server\masterserver-2.0.1f1\visualstudio\debug\commandparserinterface.obj
a:\users\david\documents\github\courierexpresstycoon\server\masterserver-2.0.1f1\visualstudio\debug\connectiongraph.obj
a:\users\david\documents\github\courierexpresstycoon\server\masterserver-2.0.1f1\visualstudio\debug\consoleserver.obj
a:\users\david\documents\github\courierexpresstycoon\server\masterserver-2.0.1f1\visualstudio\debug\datablockencryptor.obj
a:\users\david\documents\github\courierexpresstycoon\server\masterserver-2.0.1f1\visualstudio\debug\datacompressor.obj
a:\users\david\documents\github\courierexpresstycoon\server\masterserver-2.0.1f1\visualstudio\debug\directorydeltatransfer.obj
a:\users\david\documents\github\courierexpresstycoon\server\masterserver-2.0.1f1\visualstudio\debug\ds_bytepool.obj
a:\users\david\documents\github\courierexpresstycoon\server\masterserver-2.0.1f1\visualstudio\debug\ds_bytequeue.obj
a:\users\david\documents\github\courierexpresstycoon\server\masterserver-2.0.1f1\visualstudio\debug\ds_huffmanencodingtree.obj
a:\users\david\documents\github\courierexpresstycoon\server\masterserver-2.0.1f1\visualstudio\debug\ds_table.obj
a:\users\david\documents\github\courierexpresstycoon\server\masterserver-2.0.1f1\visualstudio\debug\emailsender.obj
a:\users\david\documents\github\courierexpresstycoon\server\masterserver-2.0.1f1\visualstudio\debug\encodeclassname.obj
a:\users\david\documents\github\courierexpresstycoon\server\masterserver-2.0.1f1\visualstudio\debug\extendedoverlappedpool.obj
a:\users\david\documents\github\courierexpresstycoon\server\masterserver-2.0.1f1\visualstudio\debug\filelist.obj
a:\users\david\documents\github\courierexpresstycoon\server\masterserver-2.0.1f1\visualstudio\debug\filelisttransfer.obj
a:\users\david\documents\github\courierexpresstycoon\server\masterserver-2.0.1f1\visualstudio\debug\fileoperations.obj
a:\users\david\documents\github\courierexpresstycoon\server\masterserver-2.0.1f1\visualstudio\debug\gettime.obj
a:\users\david\documents\github\courierexpresstycoon\server\masterserver-2.0.1f1\visualstudio\debug\log.obj
a:\users\david\documents\github\courierexpresstycoon\server\masterserver-2.0.1f1\visualstudio\debug\utility.obj
a:\users\david\documents\github\courierexpresstycoon\server\masterserver-2.0.1f1\visualstudio\debug\masterserver.obj
a:\users\david\documents\github\courierexpresstycoon\server\masterserver-2.0.1f1\visualstudio\debug\asynchronousfileio.obj
a:\users\david\documents\github\courierexpresstycoon\server\masterserver-2.0.1f1\visualstudio\debug\bigint.obj
a:\users\david\documents\github\courierexpresstycoon\server\masterserver-2.0.1f1\visualstudio\debug\bitstream.obj
a:\users\david\documents\github\courierexpresstycoon\server\masterserver-2.0.1f1\visualstudio\debug\masterserver.ilk
a:\users\david\documents\github\courierexpresstycoon\server\masterserver-2.0.1f1\visualstudio\debug\masterserver.exe
a:\users\david\documents\github\courierexpresstycoon\server\masterserver-2.0.1f1\visualstudio\debug\masterserver.pdb
a:\users\david\documents\github\courierexpresstycoon\server\masterserver-2.0.1f1\visualstudio\debug\masterserver.tlog\cl.command.1.tlog
a:\users\david\documents\github\courierexpresstycoon\server\masterserver-2.0.1f1\visualstudio\debug\masterserver.tlog\cl.read.1.tlog
a:\users\david\documents\github\courierexpresstycoon\server\masterserver-2.0.1f1\visualstudio\debug\masterserver.tlog\cl.write.1.tlog
a:\users\david\documents\github\courierexpresstycoon\server\masterserver-2.0.1f1\visualstudio\debug\masterserver.tlog\link.command.1.tlog
a:\users\david\documents\github\courierexpresstycoon\server\masterserver-2.0.1f1\visualstudio\debug\masterserver.tlog\link.read.1.tlog
a:\users\david\documents\github\courierexpresstycoon\server\masterserver-2.0.1f1\visualstudio\debug\masterserver.tlog\link.write.1.tlog
